
**** Build of configuration Debug for project DeadCat ****

/Applications/ti/ccsv7/utils/bin/gmake -k all 
gmake[1]: Entering directory '/Users/sebastianfriedrich/Documents/Developer/CCStudio/RMS_Projekt_Friedrich_Schiffer/DeadCat/Debug'
Building file: ../Launchpad_Example.cfg
Invoking: XDCtools
"/Applications/ti/xdctools_3_32_02_25_core/xs" --xdcpath="/Users/sebastianfriedrich/ti/tirtos_tivac_2_16_00_08/packages;/Users/sebastianfriedrich/ti/tirtos_tivac_2_16_00_08/products/tidrivers_tivac_2_16_00_08/packages;/Users/sebastianfriedrich/ti/tirtos_tivac_2_16_00_08/products/bios_6_45_01_29/packages;/Users/sebastianfriedrich/ti/tirtos_tivac_2_16_00_08/products/ndk_2_25_00_09/packages;/Users/sebastianfriedrich/ti/tirtos_tivac_2_16_00_08/products/uia_2_00_05_50/packages;/Users/sebastianfriedrich/ti/tirtos_tivac_2_16_00_08/products/ns_1_11_00_10/packages;/Applications/ti/ccsv7/ccs_base;" xdc.tools.configuro -o configPkg -t ti.targets.arm.elf.M4F -p ti.platforms.tiva:TM4C123GE6PM -r debug -c "/Applications/ti/ccsv7/tools/compiler/ti-cgt-arm_16.9.4.LTS" "../Launchpad_Example.cfg"
making package.mak (because of package.bld) ...
generating interfaces for package configPkg (because package/package.xdc.inc is older than package.xdc) ...
configuring Launchpad_Example.xem4f from package/cfg/Launchpad_Example_pem4f.cfg ...
generating custom ti.sysbios library makefile ... 
Starting build of library sources ...
making /Users/sebastianfriedrich/Documents/Developer/CCStudio/RMS_Projekt_Friedrich_Schiffer/DeadCat/src/sysbios/sysbios.aem4f ...
gmake[1]: Entering directory `/Users/sebastianfriedrich/Documents/Developer/CCStudio/RMS_Projekt_Friedrich_Schiffer/DeadCat/src/sysbios'
clem4f /Users/sebastianfriedrich/ti/tirtos_tivac_2_16_00_08/products/bios_6_45_01_29/packages/ti/sysbios/BIOS.c ...
asmem4f /Users/sebastianfriedrich/ti/tirtos_tivac_2_16_00_08/products/bios_6_45_01_29/packages/ti/sysbios/family/arm/m3/Hwi_asm.sv7M ...
asmem4f /Users/sebastianfriedrich/ti/tirtos_tivac_2_16_00_08/products/bios_6_45_01_29/packages/ti/sysbios/family/arm/m3/Hwi_asm_switch.sv7M ...
asmem4f /Users/sebastianfriedrich/ti/tirtos_tivac_2_16_00_08/products/bios_6_45_01_29/packages/ti/sysbios/family/arm/m3/IntrinsicsSupport_asm.sv7M ...
asmem4f /Users/sebastianfriedrich/ti/tirtos_tivac_2_16_00_08/products/bios_6_45_01_29/packages/ti/sysbios/family/arm/m3/TaskSupport_asm.sv7M ...
arem4f BIOS.obj m3_Hwi_asm.obj m3_Hwi_asm_switch.obj m3_IntrinsicsSupport_asm.obj m3_TaskSupport_asm.obj ...
gmake[1]: Leaving directory `/Users/sebastianfriedrich/Documents/Developer/CCStudio/RMS_Projekt_Friedrich_Schiffer/DeadCat/src/sysbios'
Build of libraries done.
clem4f package/cfg/Launchpad_Example_pem4f.c ...
Finished building: ../Launchpad_Example.cfg
 
gmake[1]: Leaving directory '/Users/sebastianfriedrich/Documents/Developer/CCStudio/RMS_Projekt_Friedrich_Schiffer/DeadCat/Debug'
Building file: ../main.c
Invoking: ARM Compiler
"/Applications/ti/ccsv7/tools/compiler/ti-cgt-arm_16.9.4.LTS/bin/armcl" -mv7M4 --code_state=16 --float_support=FPv4SPD16 -me --include_path="/Applications/ti/ccsv7/tools/compiler/ti-cgt-arm_16.9.4.LTS/include" --include_path="/Users/sebastianfriedrich/ti/tirtos_tivac_2_16_00_08/products/TivaWare_C_Series-2.1.1.71b" --define=ccs="ccs" --define=PART_TM4C123GH6PM -g --gcc --diag_warning=225 --diag_wrap=off --display_error_number --abi=eabi --preproc_with_compile --preproc_dependency="main.d_raw" --cmd_file="configPkg/compiler.opt" "../main.c"
"../main.c", line 361: warning #515-D: a value of type "int32_t *" cannot be assigned to an entity of type "uint8_t *"
Finished building: ../main.c
 
Building target: DeadCat.out
Invoking: ARM Linker
"/Applications/ti/ccsv7/tools/compiler/ti-cgt-arm_16.9.4.LTS/bin/armcl" -mv7M4 --code_state=16 --float_support=FPv4SPD16 -me --define=ccs="ccs" --define=PART_TM4C123GH6PM -g --gcc --diag_warning=225 --diag_wrap=off --display_error_number --abi=eabi -z -m"DeadCat.map" --heap_size=0 --stack_size=512 -i"/Applications/ti/ccsv7/tools/compiler/ti-cgt-arm_16.9.4.LTS/lib" -i"/Applications/ti/ccsv7/tools/compiler/ti-cgt-arm_16.9.4.LTS/include" --reread_libs --diag_wrap=off --display_error_number --warn_sections --xml_link_info="DeadCat_linkInfo.xml" --rom_model -o "DeadCat.out" "./main.obj" "../tm4c123gh6pm.cmd" -l"configPkg/linker.cmd" -llibc.a -l"/Users/sebastianfriedrich/ti/tirtos_tivac_2_16_00_08/products/TivaWare_C_Series-2.1.1.71b/driverlib/ccs/Debug/driverlib.lib" 
<Linking>
Finished building target: DeadCat.out
 

**** Build Finished ****
